2020.11.01 15:40:22 INFO  started: Metals version 0.9.4 in workspace '/Users/jerem/cours_esiee_paris/E5/scala_code/tryingout' for client vscode.
2020.11.01 15:40:22 INFO  time: initialize in 0.46s
2020.11.01 15:40:38 INFO  running '/Library/Java/JavaVirtualMachines/jdk1.8.0_131.jdk/Contents/Home/bin/java -Djline.terminal=jline.UnsupportedTerminal -Dsbt.log.noformat=true -Dfile.encoding=UTF-8 -jar /var/folders/c7/svrvfwns0c3dgtqh5k6wfvbc0000gn/T/metals8940559250354278943/sbt-launch.jar -Dbloop.export-jar-classifiers=sources bloopInstall'
2020.11.01 15:40:39 INFO  skipping build import with status 'Started'
2020.11.01 15:40:42 ERROR [info] waiting for lock on /Users/jerem/.sbt/boot/sbt.boot.lock to be available...
2020.11.01 15:40:43 INFO  no build target: using presentation compiler with only scala-library
2020.11.01 15:41:53 INFO  [info] Loading settings for project tryingout-build-build from metals.sbt ...
2020.11.01 15:41:55 INFO  [info] Loading project definition from /Users/jerem/cours_esiee_paris/E5/scala_code/tryingout/project/project
2020.11.01 15:42:15 INFO  [info] Loading settings for project tryingout-build from metals.sbt ...
2020.11.01 15:42:15 INFO  [info] Loading project definition from /Users/jerem/cours_esiee_paris/E5/scala_code/tryingout/project
2020.11.01 15:42:20 INFO  [success] Generated .bloop/tryingout-build.json
2020.11.01 15:42:20 INFO  [success] Total time: 5 s, completed 1 nov. 2020 15:42:20
2020.11.01 15:42:20 INFO  [info] Loading settings for project tryingout from build.sbt ...
2020.11.01 15:42:20 INFO  [info] Set current project to hello-world (in build file:/Users/jerem/cours_esiee_paris/E5/scala_code/tryingout/)
2020.11.01 15:42:29 INFO  [success] Generated .bloop/tryingout.json
2020.11.01 15:42:29 INFO  [success] Generated .bloop/tryingout-test.json
2020.11.01 15:42:29 INFO  [success] Total time: 8 s, completed 1 nov. 2020 15:42:29
2020.11.01 15:42:29 INFO  build tool exit: 0
2020.11.01 15:42:29 INFO  time: ran 'sbt bloopInstall' in 1m50s
Starting the bsp launcher for bloop...
Opening a bsp server connection with 'bsp --protocol local --socket /var/folders/c7/svrvfwns0c3dgtqh5k6wfvbc0000gn/T/bsp-launcher4474980136923778317/bsp.socket'...
Waiting for the bsp connection to come up...
Waiting for the bsp connection to come up...
Waiting for the bsp connection to come up...
Waiting for the bsp connection to come up...
Waiting for the bsp connection to come up...
Waiting for the bsp connection to come up...
Waiting for the bsp connection to come up...
Waiting for the bsp connection to come up...
Waiting for the bsp connection to come up...
Waiting for the bsp connection to come up...
Waiting for the bsp connection to come up...
Waiting for the bsp connection to come up...
Waiting for the bsp connection to come up...
Waiting for the bsp connection to come up...
Waiting for the bsp connection to come up...
Waiting for the bsp connection to come up...
Waiting for the bsp connection to come up...
Waiting for the bsp connection to come up...
Waiting for the bsp connection to come up...
Waiting for the bsp connection to come up...
2020.11.01 15:42:51 WARN  no build target for: /Users/jerem/cours_esiee_paris/E5/scala_code/tryingout/src/main/scala/Main.scala
Waiting for the bsp connection to come up...
Waiting for the bsp connection to come up...
Waiting for the bsp connection to come up...
Waiting for the bsp connection to come up...
Waiting for the bsp connection to come up...
Waiting for the bsp connection to come up...
Waiting for the bsp connection to come up...
2020.11.01 15:42:58 WARN  no build target for: /Users/jerem/cours_esiee_paris/E5/scala_code/tryingout/src/main/scala/Main.scala
Waiting for the bsp connection to come up...
Waiting for the bsp connection to come up...
No server running at 127.0.0.1:8212, let's fire one...
Resolving ch.epfl.scala:bloop-frontend_2.12:1.4.4-13-408f4d80...
Starting bloop server at 127.0.0.1:8212...
Attempting a connection to the server...
Attempting a connection to the server...
Attempting a connection to the server...
Attempting a connection to the server...
Attempting a connection to the server...
[0m[32m[D][0m Loading 2 projects from '/Users/jerem/cours_esiee_paris/E5/scala_code/tryingout/.bloop'...
[0m[32m[D][0m Loading project from '/Users/jerem/cours_esiee_paris/E5/scala_code/tryingout/.bloop/tryingout.json'
[0m[32m[D][0m Loading project from '/Users/jerem/cours_esiee_paris/E5/scala_code/tryingout/.bloop/tryingout-test.json'
[0m[32m[D][0m Cache miss for scala instance org.scala-lang:scala-compiler:2.13.1.
[0m[32m[D][0m   => /Users/jerem/Library/Caches/Coursier/v1/https/repo1.maven.org/maven2/jline/jline/2.14.6/jline-2.14.6.jar
[0m[32m[D][0m   => /Users/jerem/Library/Caches/Coursier/v1/https/repo1.maven.org/maven2/org/fusesource/jansi/jansi/1.12/jansi-1.12.jar
[0m[32m[D][0m   => /Users/jerem/Library/Caches/Coursier/v1/https/repo1.maven.org/maven2/org/scala-lang/scala-compiler/2.13.1/scala-compiler-2.13.1.jar
[0m[32m[D][0m   => /Users/jerem/Library/Caches/Coursier/v1/https/repo1.maven.org/maven2/org/scala-lang/scala-library/2.13.1/scala-library-2.13.1.jar
[0m[32m[D][0m   => /Users/jerem/Library/Caches/Coursier/v1/https/repo1.maven.org/maven2/org/scala-lang/scala-reflect/2.13.1/scala-reflect-2.13.1.jar
[0m[32m[D][0m Missing analysis file for project 'tryingout-test'
[0m[32m[D][0m Missing analysis file for project 'tryingout'
[0m[32m[D][0m Waiting for a connection at local:///var/folders/c7/svrvfwns0c3dgtqh5k6wfvbc0000gn/T/bsp-launcher4474980136923778317/bsp.socket...
The server is listening for incoming connections at local:///var/folders/c7/svrvfwns0c3dgtqh5k6wfvbc0000gn/T/bsp-launcher4474980136923778317/bsp.socket...
Starting thread that pumps stdin and redirects it to the bsp server...
Starting thread that pumps server stdout and redirects it to the client stdout...
2020.11.01 15:43:00 INFO  tracing is disabled for protocol BSP, to enable tracing of incoming and outgoing JSON messages create an empty file at /Users/jerem/Library/Caches/org.scalameta.metals/bsp.trace.json
2020.11.01 15:43:05 ERROR Timeout waiting for 'build/initialize' response
2020.11.01 15:43:05 ERROR Failed to connect with build server, no functionality will work.
java.util.concurrent.TimeoutException
	at java.util.concurrent.CompletableFuture.timedGet(CompletableFuture.java:1771)
	at java.util.concurrent.CompletableFuture.get(CompletableFuture.java:1915)
	at scala.meta.internal.metals.BuildServerConnection$.initialize(BuildServerConnection.scala:317)
	at scala.meta.internal.metals.BuildServerConnection$.$anonfun$fromSockets$1(BuildServerConnection.scala:252)
	at scala.util.Success.$anonfun$map$1(Try.scala:255)
	at scala.util.Success.map(Try.scala:213)
	at scala.concurrent.Future.$anonfun$map$1(Future.scala:292)
	at scala.concurrent.impl.Promise.liftedTree1$1(Promise.scala:33)
	at scala.concurrent.impl.Promise.$anonfun$transform$1(Promise.scala:33)
	at scala.concurrent.impl.CallbackRunnable.run(Promise.scala:64)
	at java.util.concurrent.ThreadPoolExecutor.runWorker(ThreadPoolExecutor.java:1142)
	at java.util.concurrent.ThreadPoolExecutor$Worker.run(ThreadPoolExecutor.java:617)
	at java.lang.Thread.run(Thread.java:748)

2020.11.01 15:44:17 WARN  no build target for: /Users/jerem/cours_esiee_paris/E5/scala_code/tryingout/src/main/scala/Player.scala
2020.11.01 15:51:17 WARN  no build target for: /Users/jerem/cours_esiee_paris/E5/scala_code/tryingout/src/main/scala/Player.scala
2020.11.01 15:53:04 WARN  no build target for: /Users/jerem/cours_esiee_paris/E5/scala_code/tryingout/src/main/scala/Main.scala
2020.11.01 15:54:00 WARN  no build target for: /Users/jerem/cours_esiee_paris/E5/scala_code/tryingout/src/main/scala/Main.scala
2020.11.01 15:54:41 WARN  no build target for: /Users/jerem/cours_esiee_paris/E5/scala_code/tryingout/src/main/scala/Main.scala
2020.11.01 15:56:40 WARN  no build target for: /Users/jerem/cours_esiee_paris/E5/scala_code/tryingout/src/main/scala/Player.scala
2020.11.01 15:56:41 WARN  no build target for: /Users/jerem/cours_esiee_paris/E5/scala_code/tryingout/src/main/scala/Main.scala
2020.11.01 15:57:04 WARN  no build target for: /Users/jerem/cours_esiee_paris/E5/scala_code/tryingout/src/main/scala/Main.scala
2020.11.01 15:57:32 WARN  no build target for: /Users/jerem/cours_esiee_paris/E5/scala_code/tryingout/src/main/scala/Player.scala
2020.11.01 15:57:34 WARN  no build target for: /Users/jerem/cours_esiee_paris/E5/scala_code/tryingout/src/main/scala/Main.scala
2020.11.01 15:57:47 WARN  no build target for: /Users/jerem/cours_esiee_paris/E5/scala_code/tryingout/src/main/scala/Player.scala
2020.11.01 15:58:12 WARN  no build target for: /Users/jerem/cours_esiee_paris/E5/scala_code/tryingout/src/main/scala/Main.scala
2020.11.01 17:04:30 WARN  no build target for: /Users/jerem/cours_esiee_paris/E5/scala_code/tryingout/src/main/scala/Board.scala
2020.11.01 17:04:30 WARN  no build target for: /Users/jerem/cours_esiee_paris/E5/scala_code/tryingout/src/main/scala/Board.scala
something's wrong: no file:///Users/jerem/cours_esiee_paris/E5/scala_code/tryingout/src/main/scala/Board.scala in Array[AnyRef]RangePosition(file:///Users/jerem/cours_esiee_paris/E5/scala_code/tryingout/src/main/scala/Board.scala, 57, 57, 71)
something's wrong: no file:///Users/jerem/cours_esiee_paris/E5/scala_code/tryingout/src/main/scala/Board.scala in Array[<error>]RangePosition(file:///Users/jerem/cours_esiee_paris/E5/scala_code/tryingout/src/main/scala/Board.scala, 57, 57, 72)
2020.11.01 17:12:25 WARN  no build target for: /Users/jerem/cours_esiee_paris/E5/scala_code/tryingout/src/main/scala/Board.scala
2020.11.01 17:12:58 WARN  no build target for: /Users/jerem/cours_esiee_paris/E5/scala_code/tryingout/src/main/scala/Main.scala
2020.11.01 17:13:26 WARN  no build target for: /Users/jerem/cours_esiee_paris/E5/scala_code/tryingout/src/main/scala/Board.scala
something's wrong: no file:///Users/jerem/cours_esiee_paris/E5/scala_code/tryingout/src/main/scala/Board.scala in Array[<error>]RangePosition(file:///Users/jerem/cours_esiee_paris/E5/scala_code/tryingout/src/main/scala/Board.scala, 63, 63, 78)
something's wrong: no file:///Users/jerem/cours_esiee_paris/E5/scala_code/tryingout/src/main/scala/Board.scala in Array[<error>]RangePosition(file:///Users/jerem/cours_esiee_paris/E5/scala_code/tryingout/src/main/scala/Board.scala, 63, 63, 71)
something's wrong: no file:///Users/jerem/cours_esiee_paris/E5/scala_code/tryingout/src/main/scala/Board.scala in Array[Char]RangePosition(file:///Users/jerem/cours_esiee_paris/E5/scala_code/tryingout/src/main/scala/Board.scala, 63, 63, 74)
2020.11.01 17:15:52 WARN  no build target for: /Users/jerem/cours_esiee_paris/E5/scala_code/tryingout/src/main/scala/Board.scala
2020.11.01 17:16:13 WARN  no build target for: /Users/jerem/cours_esiee_paris/E5/scala_code/tryingout/src/main/scala/Main.scala
2020.11.01 17:16:32 WARN  no build target for: /Users/jerem/cours_esiee_paris/E5/scala_code/tryingout/src/main/scala/Main.scala
2020.11.01 17:16:41 WARN  no build target for: /Users/jerem/cours_esiee_paris/E5/scala_code/tryingout/src/main/scala/Main.scala
something's wrong: no file:///Users/jerem/cours_esiee_paris/E5/scala_code/tryingout/src/main/scala/Board.scala in Array[<error>]RangePosition(file:///Users/jerem/cours_esiee_paris/E5/scala_code/tryingout/src/main/scala/Board.scala, 44, 44, 59)
something's wrong: no file:///Users/jerem/cours_esiee_paris/E5/scala_code/tryingout/src/main/scala/Board.scala in Array[<error>]RangePosition(file:///Users/jerem/cours_esiee_paris/E5/scala_code/tryingout/src/main/scala/Board.scala, 44, 44, 52)
something's wrong: no file:///Users/jerem/cours_esiee_paris/E5/scala_code/tryingout/src/main/scala/Board.scala in Array[<error>]RangePosition(file:///Users/jerem/cours_esiee_paris/E5/scala_code/tryingout/src/main/scala/Board.scala, 44, 44, 53)
something's wrong: no file:///Users/jerem/cours_esiee_paris/E5/scala_code/tryingout/src/main/scala/Board.scala in Array[<error>]RangePosition(file:///Users/jerem/cours_esiee_paris/E5/scala_code/tryingout/src/main/scala/Board.scala, 44, 44, 55)
something's wrong: no file:///Users/jerem/cours_esiee_paris/E5/scala_code/tryingout/src/main/scala/Board.scala in Array[<error>]RangePosition(file:///Users/jerem/cours_esiee_paris/E5/scala_code/tryingout/src/main/scala/Board.scala, 44, 44, 56)
something's wrong: no file:///Users/jerem/cours_esiee_paris/E5/scala_code/tryingout/src/main/scala/Board.scala in Array[<error>]RangePosition(file:///Users/jerem/cours_esiee_paris/E5/scala_code/tryingout/src/main/scala/Board.scala, 50, 50, 65)
something's wrong: no file:///Users/jerem/cours_esiee_paris/E5/scala_code/tryingout/src/main/scala/Board.scala in Array[<error>]RangePosition(file:///Users/jerem/cours_esiee_paris/E5/scala_code/tryingout/src/main/scala/Board.scala, 50, 50, 59)
something's wrong: no file:///Users/jerem/cours_esiee_paris/E5/scala_code/tryingout/src/main/scala/Board.scala in Array[Char]RangePosition(file:///Users/jerem/cours_esiee_paris/E5/scala_code/tryingout/src/main/scala/Board.scala, 50, 50, 61)
something's wrong: no file:///Users/jerem/cours_esiee_paris/E5/scala_code/tryingout/src/main/scala/Board.scala in Array[Array[Char]]RangePosition(file:///Users/jerem/cours_esiee_paris/E5/scala_code/tryingout/src/main/scala/Board.scala, 44, 44, 62)
something's wrong: no file:///Users/jerem/cours_esiee_paris/E5/scala_code/tryingout/src/main/scala/Board.scala in Array[Array[Char]]RangePosition(file:///Users/jerem/cours_esiee_paris/E5/scala_code/tryingout/src/main/scala/Board.scala, 126, 126, 144)
2020.11.01 17:19:02 WARN  no build target for: /Users/jerem/cours_esiee_paris/E5/scala_code/tryingout/src/main/scala/Board.scala
2020.11.01 17:19:13 WARN  no build target for: /Users/jerem/cours_esiee_paris/E5/scala_code/tryingout/src/main/scala/Main.scala
nov. 01, 2020 5:20:47 PM scala.meta.internal.pc.CompilerAccess handleError
GRAVE: String index out of range: -2
java.lang.StringIndexOutOfBoundsException: String index out of range: -2
	at java.lang.String.<init>(String.java:196)
	at scala.tools.nsc.interactive.Global.typeCompletions$1(Global.scala:1230)
	at scala.tools.nsc.interactive.Global.completionsAt(Global.scala:1253)
	at scala.meta.internal.pc.SignatureHelpProvider.$anonfun$treeSymbol$1(SignatureHelpProvider.scala:376)
	at scala.Option.map(Option.scala:230)
	at scala.meta.internal.pc.SignatureHelpProvider.treeSymbol(SignatureHelpProvider.scala:374)
	at scala.meta.internal.pc.SignatureHelpProvider$MethodCall$.unapply(SignatureHelpProvider.scala:199)
	at scala.meta.internal.pc.SignatureHelpProvider$MethodCallTraverser.visit(SignatureHelpProvider.scala:310)
	at scala.meta.internal.pc.SignatureHelpProvider$MethodCallTraverser.traverse(SignatureHelpProvider.scala:304)
	at scala.meta.internal.pc.SignatureHelpProvider$MethodCallTraverser.fromTree(SignatureHelpProvider.scala:273)
	at scala.meta.internal.pc.SignatureHelpProvider.signatureHelp(SignatureHelpProvider.scala:27)

nov. 01, 2020 5:20:50 PM org.eclipse.lsp4j.jsonrpc.RemoteEndpoint handleCancellation
AVERTISSEMENT: Unmatched cancel notification for request id 2132
2020.11.01 17:20:52 WARN  no build target for: /Users/jerem/cours_esiee_paris/E5/scala_code/tryingout/src/main/scala/Board.scala
2020.11.01 17:20:53 WARN  no build target for: /Users/jerem/cours_esiee_paris/E5/scala_code/tryingout/src/main/scala/Board.scala
2020.11.01 17:20:58 WARN  no build target for: /Users/jerem/cours_esiee_paris/E5/scala_code/tryingout/src/main/scala/Main.scala
something's wrong: no file:///Users/jerem/cours_esiee_paris/E5/scala_code/tryingout/src/main/scala/Board.scala in Array[<error>]RangePosition(file:///Users/jerem/cours_esiee_paris/E5/scala_code/tryingout/src/main/scala/Board.scala, 187, 187, 202)
something's wrong: no file:///Users/jerem/cours_esiee_paris/E5/scala_code/tryingout/src/main/scala/Board.scala in Array[<error>]RangePosition(file:///Users/jerem/cours_esiee_paris/E5/scala_code/tryingout/src/main/scala/Board.scala, 187, 187, 195)
something's wrong: no file:///Users/jerem/cours_esiee_paris/E5/scala_code/tryingout/src/main/scala/Board.scala in Array[<error>]RangePosition(file:///Users/jerem/cours_esiee_paris/E5/scala_code/tryingout/src/main/scala/Board.scala, 187, 187, 196)
something's wrong: no file:///Users/jerem/cours_esiee_paris/E5/scala_code/tryingout/src/main/scala/Board.scala in Array[<error>]RangePosition(file:///Users/jerem/cours_esiee_paris/E5/scala_code/tryingout/src/main/scala/Board.scala, 187, 187, 197)
something's wrong: no file:///Users/jerem/cours_esiee_paris/E5/scala_code/tryingout/src/main/scala/Board.scala in Array[<error>]RangePosition(file:///Users/jerem/cours_esiee_paris/E5/scala_code/tryingout/src/main/scala/Board.scala, 187, 187, 199)
something's wrong: no file:///Users/jerem/cours_esiee_paris/E5/scala_code/tryingout/src/main/scala/Board.scala in Array[<error>]RangePosition(file:///Users/jerem/cours_esiee_paris/E5/scala_code/tryingout/src/main/scala/Board.scala, 193, 193, 208)
something's wrong: no file:///Users/jerem/cours_esiee_paris/E5/scala_code/tryingout/src/main/scala/Board.scala in Array[<error>]RangePosition(file:///Users/jerem/cours_esiee_paris/E5/scala_code/tryingout/src/main/scala/Board.scala, 193, 193, 201)
something's wrong: no file:///Users/jerem/cours_esiee_paris/E5/scala_code/tryingout/src/main/scala/Board.scala in Array[<error>]RangePosition(file:///Users/jerem/cours_esiee_paris/E5/scala_code/tryingout/src/main/scala/Board.scala, 193, 193, 208)
something's wrong: no file:///Users/jerem/cours_esiee_paris/E5/scala_code/tryingout/src/main/scala/Board.scala in Array[Char]RangePosition(file:///Users/jerem/cours_esiee_paris/E5/scala_code/tryingout/src/main/scala/Board.scala, 193, 193, 204)
2020.11.01 17:21:19 WARN  no build target for: /Users/jerem/cours_esiee_paris/E5/scala_code/tryingout/src/main/scala/Board.scala
2020.11.01 17:21:21 WARN  no build target for: /Users/jerem/cours_esiee_paris/E5/scala_code/tryingout/src/main/scala/Main.scala
something's wrong: no file:///Users/jerem/cours_esiee_paris/E5/scala_code/tryingout/src/main/scala/Board.scala in Array[Array[Char]]RangePosition(file:///Users/jerem/cours_esiee_paris/E5/scala_code/tryingout/src/main/scala/Board.scala, 44, 44, 62)
2020.11.01 17:24:35 WARN  no build target for: /Users/jerem/cours_esiee_paris/E5/scala_code/tryingout/src/main/scala/Board.scala
2020.11.01 17:24:54 WARN  no build target for: /Users/jerem/cours_esiee_paris/E5/scala_code/tryingout/src/main/scala/Board.scala
2020.11.01 17:25:10 WARN  no build target for: /Users/jerem/cours_esiee_paris/E5/scala_code/tryingout/src/main/scala/Board.scala
2020.11.01 17:25:38 WARN  no build target for: /Users/jerem/cours_esiee_paris/E5/scala_code/tryingout/src/main/scala/Board.scala
nov. 01, 2020 5:26:00 PM org.eclipse.lsp4j.jsonrpc.RemoteEndpoint handleCancellation
AVERTISSEMENT: Unmatched cancel notification for request id 2539
2020.11.01 17:26:21 WARN  no build target for: /Users/jerem/cours_esiee_paris/E5/scala_code/tryingout/src/main/scala/Board.scala
2020.11.01 17:30:11 WARN  no build target for: /Users/jerem/cours_esiee_paris/E5/scala_code/tryingout/src/main/scala/Board.scala
2020.11.01 17:31:50 WARN  no build target for: /Users/jerem/cours_esiee_paris/E5/scala_code/tryingout/src/main/scala/Board.scala
2020.11.01 17:33:35 WARN  no build target for: /Users/jerem/cours_esiee_paris/E5/scala_code/tryingout/src/main/scala/Board.scala
2020.11.01 17:33:49 WARN  no build target for: /Users/jerem/cours_esiee_paris/E5/scala_code/tryingout/src/main/scala/Main.scala
2020.11.01 17:35:44 WARN  no build target for: /Users/jerem/cours_esiee_paris/E5/scala_code/tryingout/src/main/scala/Board.scala
2020.11.01 17:35:49 WARN  no build target for: /Users/jerem/cours_esiee_paris/E5/scala_code/tryingout/src/main/scala/Main.scala
something's wrong: no file:///Users/jerem/cours_esiee_paris/E5/scala_code/tryingout/src/main/scala/Board.scala in Array[Array[Char]]RangePosition(file:///Users/jerem/cours_esiee_paris/E5/scala_code/tryingout/src/main/scala/Board.scala, 193, 193, 211)
2020.11.01 17:35:55 WARN  code navigation does not work for the file '/Users/jerem/cours_esiee_paris/E5/scala_code/tryingout/src/main/scala/Board.scala' because it doesn't belong to a build target.
2020.11.01 17:35:55 WARN  no build target for: /Users/jerem/cours_esiee_paris/E5/scala_code/tryingout/src/main/scala/Board.scala
2020.11.01 17:35:55 WARN  code navigation does not work for the file '/Users/jerem/cours_esiee_paris/E5/scala_code/tryingout/src/main/scala/Board.scala' because it doesn't belong to a build target.
2020.11.01 17:35:59 WARN  no build target for: /Users/jerem/cours_esiee_paris/E5/scala_code/tryingout/src/main/scala/Board.scala
2020.11.01 17:36:00 WARN  no build target for: /Users/jerem/cours_esiee_paris/E5/scala_code/tryingout/src/main/scala/Board.scala
2020.11.01 17:36:13 WARN  code navigation does not work for the file '/Users/jerem/cours_esiee_paris/E5/scala_code/tryingout/src/main/scala/Board.scala' because it doesn't belong to a build target.
2020.11.01 17:36:13 WARN  no build target for: /Users/jerem/cours_esiee_paris/E5/scala_code/tryingout/src/main/scala/Board.scala
2020.11.01 17:36:18 WARN  code navigation does not work for the file '/Users/jerem/cours_esiee_paris/E5/scala_code/tryingout/src/main/scala/Main.scala' because it doesn't belong to a build target.
2020.11.01 17:36:18 WARN  no build target for: /Users/jerem/cours_esiee_paris/E5/scala_code/tryingout/src/main/scala/Main.scala
2020.11.01 17:36:37 WARN  no build target for: /Users/jerem/cours_esiee_paris/E5/scala_code/tryingout/src/main/scala/Board.scala
2020.11.01 17:36:40 WARN  code navigation does not work for the file '/Users/jerem/cours_esiee_paris/E5/scala_code/tryingout/src/main/scala/Board.scala' because it doesn't belong to a build target.
nov. 01, 2020 5:36:40 PM org.eclipse.lsp4j.jsonrpc.RemoteEndpoint handleCancellation
AVERTISSEMENT: Unmatched cancel notification for request id 2954
2020.11.01 17:36:42 WARN  no build target for: /Users/jerem/cours_esiee_paris/E5/scala_code/tryingout/src/main/scala/Board.scala
2020.11.01 17:36:52 WARN  no build target for: /Users/jerem/cours_esiee_paris/E5/scala_code/tryingout/src/main/scala/Main.scala
2020.11.01 17:37:41 WARN  no build target for: /Users/jerem/cours_esiee_paris/E5/scala_code/tryingout/src/main/scala/Main.scala
2020.11.01 17:38:58 WARN  no build target for: /Users/jerem/cours_esiee_paris/E5/scala_code/tryingout/src/main/scala/Main.scala
2020.11.01 17:39:08 WARN  code navigation does not work for the file '/Users/jerem/cours_esiee_paris/E5/scala_code/tryingout/src/main/scala/Board.scala' because it doesn't belong to a build target.
2020.11.01 17:39:08 WARN  no build target for: /Users/jerem/cours_esiee_paris/E5/scala_code/tryingout/src/main/scala/Board.scala
2020.11.01 17:39:29 WARN  no build target for: /Users/jerem/cours_esiee_paris/E5/scala_code/tryingout/src/main/scala/Main.scala
2020.11.01 17:39:47 WARN  no build target for: /Users/jerem/cours_esiee_paris/E5/scala_code/tryingout/src/main/scala/Main.scala
2020.11.01 17:40:52 WARN  no build target for: /Users/jerem/cours_esiee_paris/E5/scala_code/tryingout/src/main/scala/Main.scala
2020.11.01 17:41:16 WARN  no build target for: /Users/jerem/cours_esiee_paris/E5/scala_code/tryingout/src/main/scala/Main.scala
2020.11.01 17:41:29 WARN  no build target for: /Users/jerem/cours_esiee_paris/E5/scala_code/tryingout/src/main/scala/Main.scala
2020.11.01 17:41:32 WARN  no build target for: /Users/jerem/cours_esiee_paris/E5/scala_code/tryingout/src/main/scala/Main.scala
2020.11.01 17:41:49 WARN  no build target for: /Users/jerem/cours_esiee_paris/E5/scala_code/tryingout/src/main/scala/Board.scala
2020.11.01 17:41:53 WARN  no build target for: /Users/jerem/cours_esiee_paris/E5/scala_code/tryingout/src/main/scala/Main.scala
2020.11.01 17:42:07 WARN  no build target for: /Users/jerem/cours_esiee_paris/E5/scala_code/tryingout/src/main/scala/Board.scala
2020.11.01 17:42:24 WARN  no build target for: /Users/jerem/cours_esiee_paris/E5/scala_code/tryingout/src/main/scala/Main.scala
2020.11.01 17:42:29 WARN  no build target for: /Users/jerem/cours_esiee_paris/E5/scala_code/tryingout/src/main/scala/Main.scala
2020.11.01 17:42:35 WARN  no build target for: /Users/jerem/cours_esiee_paris/E5/scala_code/tryingout/src/main/scala/Main.scala
2020.11.01 17:43:12 WARN  no build target for: /Users/jerem/cours_esiee_paris/E5/scala_code/tryingout/src/main/scala/Main.scala
2020.11.01 17:45:12 WARN  no build target for: /Users/jerem/cours_esiee_paris/E5/scala_code/tryingout/src/main/scala/Test.scala
2020.11.01 17:45:12 WARN  no build target for: /Users/jerem/cours_esiee_paris/E5/scala_code/tryingout/src/main/scala/Test.scala
2020.11.01 17:45:47 WARN  no build target for: /Users/jerem/cours_esiee_paris/E5/scala_code/tryingout/src/main/scala/Test.scala
2020.11.01 17:45:54 WARN  no build target for: /Users/jerem/cours_esiee_paris/E5/scala_code/tryingout/src/main/scala/Main.scala
2020.11.01 17:46:07 WARN  no build target for: /Users/jerem/cours_esiee_paris/E5/scala_code/tryingout/src/main/scala/Main.scala
2020.11.01 17:46:13 WARN  no build target for: /Users/jerem/cours_esiee_paris/E5/scala_code/tryingout/src/main/scala/Main.scala
2020.11.01 17:46:25 WARN  no build target for: /Users/jerem/cours_esiee_paris/E5/scala_code/tryingout/src/main/scala/Main.scala
2020.11.01 17:48:59 WARN  no build target for: /Users/jerem/cours_esiee_paris/E5/scala_code/tryingout/src/main/scala/Main.scala
2020.11.01 17:51:34 WARN  no build target for: /Users/jerem/cours_esiee_paris/E5/scala_code/tryingout/src/main/scala/Main.scala
2020.11.01 17:51:58 WARN  no build target for: /Users/jerem/cours_esiee_paris/E5/scala_code/tryingout/src/main/scala/Main.scala
2020.11.01 17:54:39 WARN  no build target for: /Users/jerem/cours_esiee_paris/E5/scala_code/tryingout/src/main/scala/Main.scala
nov. 01, 2020 5:54:42 PM scala.meta.internal.pc.CompletionProvider expected$1
AVERTISSEMENT: String index out of range: -1
2020.11.01 17:54:57 WARN  no build target for: /Users/jerem/cours_esiee_paris/E5/scala_code/tryingout/src/main/scala/Main.scala
2020.11.01 17:55:32 WARN  no build target for: /Users/jerem/cours_esiee_paris/E5/scala_code/tryingout/src/main/scala/Main.scala
2020.11.01 17:57:36 WARN  no build target for: /Users/jerem/cours_esiee_paris/E5/scala_code/tryingout/src/main/scala/Board.scala
2020.11.01 17:57:41 WARN  code navigation does not work for the file '/Users/jerem/cours_esiee_paris/E5/scala_code/tryingout/src/main/scala/Board.scala' because it doesn't belong to a build target.
2020.11.01 17:57:41 WARN  no build target for: /Users/jerem/cours_esiee_paris/E5/scala_code/tryingout/src/main/scala/Board.scala
2020.11.01 17:58:16 WARN  no build target for: /Users/jerem/cours_esiee_paris/E5/scala_code/tryingout/src/main/scala/Main.scala
2020.11.01 18:00:12 WARN  no build target for: /Users/jerem/cours_esiee_paris/E5/scala_code/tryingout/src/main/scala/Main.scala
2020.11.01 18:00:24 WARN  no build target for: /Users/jerem/cours_esiee_paris/E5/scala_code/tryingout/src/main/scala/Main.scala
2020.11.01 18:00:37 WARN  no build target for: /Users/jerem/cours_esiee_paris/E5/scala_code/tryingout/src/main/scala/Main.scala
2020.11.01 18:00:48 WARN  no build target for: /Users/jerem/cours_esiee_paris/E5/scala_code/tryingout/src/main/scala/Main.scala
2020.11.01 18:02:17 WARN  no build target for: /Users/jerem/cours_esiee_paris/E5/scala_code/tryingout/src/main/scala/Main.scala
2020.11.01 18:02:22 WARN  no build target for: /Users/jerem/cours_esiee_paris/E5/scala_code/tryingout/src/main/scala/Main.scala
2020.11.01 18:02:36 WARN  no build target for: /Users/jerem/cours_esiee_paris/E5/scala_code/tryingout/src/main/scala/Main.scala
2020.11.01 18:03:40 WARN  code navigation does not work for the file '/Users/jerem/cours_esiee_paris/E5/scala_code/tryingout/src/main/scala/Main.scala' because it doesn't belong to a build target.
2020.11.01 18:03:49 WARN  no build target for: /Users/jerem/cours_esiee_paris/E5/scala_code/tryingout/src/main/scala/Main.scala
2020.11.01 18:11:18 WARN  no build target for: /Users/jerem/cours_esiee_paris/E5/scala_code/tryingout/src/main/scala/Main.scala
2020.11.01 18:11:25 WARN  no build target for: /Users/jerem/cours_esiee_paris/E5/scala_code/tryingout/src/main/scala/Player.scala
2020.11.01 18:12:39 WARN  no build target for: /Users/jerem/cours_esiee_paris/E5/scala_code/tryingout/src/main/scala/Main.scala
2020.11.01 18:12:46 WARN  no build target for: /Users/jerem/cours_esiee_paris/E5/scala_code/tryingout/src/main/scala/Main.scala
2020.11.01 18:13:22 WARN  no build target for: /Users/jerem/cours_esiee_paris/E5/scala_code/tryingout/src/main/scala/Main.scala
2020.11.01 18:35:03 WARN  no build target for: /Users/jerem/cours_esiee_paris/E5/scala_code/tryingout/src/main/scala/Main.scala
2020.11.01 18:43:36 WARN  code navigation does not work for the file '/Users/jerem/cours_esiee_paris/E5/scala_code/tryingout/src/main/scala/Board.scala' because it doesn't belong to a build target.
2020.11.01 18:43:38 WARN  code navigation does not work for the file '/Users/jerem/cours_esiee_paris/E5/scala_code/tryingout/src/main/scala/Board.scala' because it doesn't belong to a build target.
2020.11.01 18:43:38 WARN  no build target for: /Users/jerem/cours_esiee_paris/E5/scala_code/tryingout/src/main/scala/Board.scala
2020.11.01 18:44:06 WARN  no build target for: /Users/jerem/cours_esiee_paris/E5/scala_code/tryingout/src/main/scala/Main.scala
2020.11.01 18:45:04 WARN  code navigation does not work for the file '/Users/jerem/cours_esiee_paris/E5/scala_code/tryingout/src/main/scala/Board.scala' because it doesn't belong to a build target.
2020.11.01 18:45:04 WARN  no build target for: /Users/jerem/cours_esiee_paris/E5/scala_code/tryingout/src/main/scala/Board.scala
2020.11.01 18:45:18 WARN  no build target for: /Users/jerem/cours_esiee_paris/E5/scala_code/tryingout/src/main/scala/Main.scala
2020.11.01 18:45:30 WARN  no build target for: /Users/jerem/cours_esiee_paris/E5/scala_code/tryingout/src/main/scala/Main.scala
2020.11.01 18:45:53 WARN  no build target for: /Users/jerem/cours_esiee_paris/E5/scala_code/tryingout/src/main/scala/Main.scala
2020.11.01 18:48:39 WARN  no build target for: /Users/jerem/cours_esiee_paris/E5/scala_code/tryingout/src/main/scala/Board.scala
nov. 01, 2020 6:51:36 PM scala.meta.internal.pc.CompilerAccess handleError
GRAVE: String index out of range: -2
java.lang.StringIndexOutOfBoundsException: String index out of range: -2
	at java.lang.String.<init>(String.java:196)
	at scala.tools.nsc.interactive.Global.typeCompletions$1(Global.scala:1230)
	at scala.tools.nsc.interactive.Global.completionsAt(Global.scala:1253)
	at scala.meta.internal.pc.SignatureHelpProvider.$anonfun$treeSymbol$1(SignatureHelpProvider.scala:376)
	at scala.Option.map(Option.scala:230)
	at scala.meta.internal.pc.SignatureHelpProvider.treeSymbol(SignatureHelpProvider.scala:374)
	at scala.meta.internal.pc.SignatureHelpProvider$MethodCall$.unapply(SignatureHelpProvider.scala:199)
	at scala.meta.internal.pc.SignatureHelpProvider$MethodCallTraverser.visit(SignatureHelpProvider.scala:310)
	at scala.meta.internal.pc.SignatureHelpProvider$MethodCallTraverser.traverse(SignatureHelpProvider.scala:304)
	at scala.meta.internal.pc.SignatureHelpProvider$MethodCallTraverser.fromTree(SignatureHelpProvider.scala:273)
	at scala.meta.internal.pc.SignatureHelpProvider.signatureHelp(SignatureHelpProvider.scala:27)

2020.11.01 18:53:05 WARN  no build target for: /Users/jerem/cours_esiee_paris/E5/scala_code/tryingout/src/main/scala/Main.scala
nov. 01, 2020 6:53:50 PM scala.meta.internal.pc.CompletionProvider expected$1
AVERTISSEMENT: String index out of range: -1
nov. 01, 2020 6:56:34 PM scala.meta.internal.pc.CompletionProvider expected$1
AVERTISSEMENT: null
2020.11.01 18:56:38 WARN  no build target for: /Users/jerem/cours_esiee_paris/E5/scala_code/tryingout/src/main/scala/Main.scala
2020.11.01 19:02:19 WARN  no build target for: /Users/jerem/cours_esiee_paris/E5/scala_code/tryingout/src/main/scala/Board.scala
2020.11.01 19:03:31 WARN  no build target for: /Users/jerem/cours_esiee_paris/E5/scala_code/tryingout/src/main/scala/Board.scala
2020.11.01 19:03:48 WARN  no build target for: /Users/jerem/cours_esiee_paris/E5/scala_code/tryingout/src/main/scala/Main.scala
2020.11.01 19:04:00 WARN  no build target for: /Users/jerem/cours_esiee_paris/E5/scala_code/tryingout/src/main/scala/Main.scala
2020.11.01 19:04:02 WARN  code navigation does not work for the file '/Users/jerem/cours_esiee_paris/E5/scala_code/tryingout/src/main/scala/Main.scala' because it doesn't belong to a build target.
2020.11.01 19:04:02 WARN  code navigation does not work for the file '/Users/jerem/cours_esiee_paris/E5/scala_code/tryingout/src/main/scala/Main.scala' because it doesn't belong to a build target.
2020.11.01 19:04:02 WARN  no build target for: /Users/jerem/cours_esiee_paris/E5/scala_code/tryingout/src/main/scala/Main.scala
2020.11.01 19:04:15 WARN  no build target for: /Users/jerem/cours_esiee_paris/E5/scala_code/tryingout/src/main/scala/Main.scala
2020.11.01 19:04:36 WARN  no build target for: /Users/jerem/cours_esiee_paris/E5/scala_code/tryingout/src/main/scala/Main.scala
2020.11.01 19:06:30 WARN  no build target for: /Users/jerem/cours_esiee_paris/E5/scala_code/tryingout/src/main/scala/Board.scala
2020.11.01 19:06:43 WARN  no build target for: /Users/jerem/cours_esiee_paris/E5/scala_code/tryingout/src/main/scala/Board.scala
2020.11.01 19:07:21 WARN  no build target for: /Users/jerem/cours_esiee_paris/E5/scala_code/tryingout/src/main/scala/Main.scala
2020.11.01 19:07:44 WARN  no build target for: /Users/jerem/cours_esiee_paris/E5/scala_code/tryingout/src/main/scala/Main.scala
2020.11.01 19:07:52 WARN  no build target for: /Users/jerem/cours_esiee_paris/E5/scala_code/tryingout/src/main/scala/Main.scala
2020.11.01 19:08:04 WARN  no build target for: /Users/jerem/cours_esiee_paris/E5/scala_code/tryingout/src/main/scala/Board.scala
nov. 01, 2020 7:09:21 PM scala.meta.internal.pc.completions.Completions completionPosition
GRAVE: null
java.lang.NullPointerException
	at scala.meta.internal.pc.completions.OverrideCompletions$OverrideCompletion.<init>(OverrideCompletions.scala:46)
	at scala.meta.internal.pc.completions.Completions.completionPositionUnsafe(Completions.scala:500)
	at scala.meta.internal.pc.completions.Completions.completionPositionUnsafe$(Completions.scala:409)
	at scala.meta.internal.pc.MetalsGlobal.completionPositionUnsafe(MetalsGlobal.scala:29)
	at scala.meta.internal.pc.completions.Completions.completionPosition(Completions.scala:401)
	at scala.meta.internal.pc.completions.Completions.completionPosition$(Completions.scala:386)
	at scala.meta.internal.pc.MetalsGlobal.completionPosition(MetalsGlobal.scala:29)
	at scala.meta.internal.pc.CompletionProvider.safeCompletionsAt(CompletionProvider.scala:444)
	at scala.meta.internal.pc.CompletionProvider.completions(CompletionProvider.scala:57)
	at scala.meta.internal.pc.ScalaPresentationCompiler.$anonfun$complete$1(ScalaPresentationCompiler.scala:184)
	at scala.meta.internal.pc.CompilerAccess.withSharedCompiler(CompilerAccess.scala:137)
	at scala.meta.internal.pc.CompilerAccess.$anonfun$withInterruptableCompiler$1(CompilerAccess.scala:87)
	at scala.meta.internal.pc.CompilerAccess.$anonfun$onCompilerJobQueue$1(CompilerAccess.scala:197)
	at scala.meta.internal.pc.CompilerJobQueue$Job.run(CompilerJobQueue.scala:103)
	at java.util.concurrent.ThreadPoolExecutor.runWorker(ThreadPoolExecutor.java:1142)
	at java.util.concurrent.ThreadPoolExecutor$Worker.run(ThreadPoolExecutor.java:617)
	at java.lang.Thread.run(Thread.java:748)

nov. 01, 2020 7:09:21 PM scala.meta.internal.pc.completions.Completions completionPosition
GRAVE: null
java.lang.NullPointerException
	at scala.meta.internal.pc.completions.OverrideCompletions$OverrideCompletion.<init>(OverrideCompletions.scala:46)
	at scala.meta.internal.pc.completions.Completions.completionPositionUnsafe(Completions.scala:500)
	at scala.meta.internal.pc.completions.Completions.completionPositionUnsafe$(Completions.scala:409)
	at scala.meta.internal.pc.MetalsGlobal.completionPositionUnsafe(MetalsGlobal.scala:29)
	at scala.meta.internal.pc.completions.Completions.completionPosition(Completions.scala:401)
	at scala.meta.internal.pc.completions.Completions.completionPosition$(Completions.scala:386)
	at scala.meta.internal.pc.MetalsGlobal.completionPosition(MetalsGlobal.scala:29)
	at scala.meta.internal.pc.CompletionProvider.safeCompletionsAt(CompletionProvider.scala:444)
	at scala.meta.internal.pc.CompletionProvider.completions(CompletionProvider.scala:57)
	at scala.meta.internal.pc.ScalaPresentationCompiler.$anonfun$complete$1(ScalaPresentationCompiler.scala:184)
	at scala.meta.internal.pc.CompilerAccess.withSharedCompiler(CompilerAccess.scala:137)
	at scala.meta.internal.pc.CompilerAccess.$anonfun$withInterruptableCompiler$1(CompilerAccess.scala:87)
	at scala.meta.internal.pc.CompilerAccess.$anonfun$onCompilerJobQueue$1(CompilerAccess.scala:197)
	at scala.meta.internal.pc.CompilerJobQueue$Job.run(CompilerJobQueue.scala:103)
	at java.util.concurrent.ThreadPoolExecutor.runWorker(ThreadPoolExecutor.java:1142)
	at java.util.concurrent.ThreadPoolExecutor$Worker.run(ThreadPoolExecutor.java:617)
	at java.lang.Thread.run(Thread.java:748)

nov. 01, 2020 7:09:21 PM scala.meta.internal.pc.completions.Completions completionPosition
GRAVE: null
java.lang.NullPointerException
	at scala.meta.internal.pc.completions.OverrideCompletions$OverrideCompletion.<init>(OverrideCompletions.scala:46)
	at scala.meta.internal.pc.completions.Completions.completionPositionUnsafe(Completions.scala:500)
	at scala.meta.internal.pc.completions.Completions.completionPositionUnsafe$(Completions.scala:409)
	at scala.meta.internal.pc.MetalsGlobal.completionPositionUnsafe(MetalsGlobal.scala:29)
	at scala.meta.internal.pc.completions.Completions.completionPosition(Completions.scala:401)
	at scala.meta.internal.pc.completions.Completions.completionPosition$(Completions.scala:386)
	at scala.meta.internal.pc.MetalsGlobal.completionPosition(MetalsGlobal.scala:29)
	at scala.meta.internal.pc.CompletionProvider.safeCompletionsAt(CompletionProvider.scala:444)
	at scala.meta.internal.pc.CompletionProvider.completions(CompletionProvider.scala:57)
	at scala.meta.internal.pc.ScalaPresentationCompiler.$anonfun$complete$1(ScalaPresentationCompiler.scala:184)
	at scala.meta.internal.pc.CompilerAccess.withSharedCompiler(CompilerAccess.scala:137)
	at scala.meta.internal.pc.CompilerAccess.$anonfun$withInterruptableCompiler$1(CompilerAccess.scala:87)
	at scala.meta.internal.pc.CompilerAccess.$anonfun$onCompilerJobQueue$1(CompilerAccess.scala:197)
	at scala.meta.internal.pc.CompilerJobQueue$Job.run(CompilerJobQueue.scala:103)
	at java.util.concurrent.ThreadPoolExecutor.runWorker(ThreadPoolExecutor.java:1142)
	at java.util.concurrent.ThreadPoolExecutor$Worker.run(ThreadPoolExecutor.java:617)
	at java.lang.Thread.run(Thread.java:748)

nov. 01, 2020 7:09:23 PM scala.meta.internal.pc.completions.Completions completionPosition
GRAVE: null
java.lang.NullPointerException
	at scala.meta.internal.pc.completions.OverrideCompletions$OverrideCompletion.<init>(OverrideCompletions.scala:46)
	at scala.meta.internal.pc.completions.Completions.completionPositionUnsafe(Completions.scala:500)
	at scala.meta.internal.pc.completions.Completions.completionPositionUnsafe$(Completions.scala:409)
	at scala.meta.internal.pc.MetalsGlobal.completionPositionUnsafe(MetalsGlobal.scala:29)
	at scala.meta.internal.pc.completions.Completions.completionPosition(Completions.scala:401)
	at scala.meta.internal.pc.completions.Completions.completionPosition$(Completions.scala:386)
	at scala.meta.internal.pc.MetalsGlobal.completionPosition(MetalsGlobal.scala:29)
	at scala.meta.internal.pc.CompletionProvider.safeCompletionsAt(CompletionProvider.scala:444)
	at scala.meta.internal.pc.CompletionProvider.completions(CompletionProvider.scala:57)
	at scala.meta.internal.pc.ScalaPresentationCompiler.$anonfun$complete$1(ScalaPresentationCompiler.scala:184)
	at scala.meta.internal.pc.CompilerAccess.withSharedCompiler(CompilerAccess.scala:137)
	at scala.meta.internal.pc.CompilerAccess.$anonfun$withInterruptableCompiler$1(CompilerAccess.scala:87)
	at scala.meta.internal.pc.CompilerAccess.$anonfun$onCompilerJobQueue$1(CompilerAccess.scala:197)
	at scala.meta.internal.pc.CompilerJobQueue$Job.run(CompilerJobQueue.scala:103)
	at java.util.concurrent.ThreadPoolExecutor.runWorker(ThreadPoolExecutor.java:1142)
	at java.util.concurrent.ThreadPoolExecutor$Worker.run(ThreadPoolExecutor.java:617)
	at java.lang.Thread.run(Thread.java:748)

nov. 01, 2020 7:09:23 PM scala.meta.internal.pc.completions.Completions completionPosition
GRAVE: null
java.lang.NullPointerException
	at scala.meta.internal.pc.completions.OverrideCompletions$OverrideCompletion.<init>(OverrideCompletions.scala:46)
	at scala.meta.internal.pc.completions.Completions.completionPositionUnsafe(Completions.scala:500)
	at scala.meta.internal.pc.completions.Completions.completionPositionUnsafe$(Completions.scala:409)
	at scala.meta.internal.pc.MetalsGlobal.completionPositionUnsafe(MetalsGlobal.scala:29)
	at scala.meta.internal.pc.completions.Completions.completionPosition(Completions.scala:401)
	at scala.meta.internal.pc.completions.Completions.completionPosition$(Completions.scala:386)
	at scala.meta.internal.pc.MetalsGlobal.completionPosition(MetalsGlobal.scala:29)
	at scala.meta.internal.pc.CompletionProvider.safeCompletionsAt(CompletionProvider.scala:444)
	at scala.meta.internal.pc.CompletionProvider.completions(CompletionProvider.scala:57)
	at scala.meta.internal.pc.ScalaPresentationCompiler.$anonfun$complete$1(ScalaPresentationCompiler.scala:184)
	at scala.meta.internal.pc.CompilerAccess.withSharedCompiler(CompilerAccess.scala:137)
	at scala.meta.internal.pc.CompilerAccess.$anonfun$withInterruptableCompiler$1(CompilerAccess.scala:87)
	at scala.meta.internal.pc.CompilerAccess.$anonfun$onCompilerJobQueue$1(CompilerAccess.scala:197)
	at scala.meta.internal.pc.CompilerJobQueue$Job.run(CompilerJobQueue.scala:103)
	at java.util.concurrent.ThreadPoolExecutor.runWorker(ThreadPoolExecutor.java:1142)
	at java.util.concurrent.ThreadPoolExecutor$Worker.run(ThreadPoolExecutor.java:617)
	at java.lang.Thread.run(Thread.java:748)

nov. 01, 2020 7:09:23 PM scala.meta.internal.pc.completions.Completions completionPosition
GRAVE: null
java.lang.NullPointerException
	at scala.meta.internal.pc.completions.OverrideCompletions$OverrideCompletion.<init>(OverrideCompletions.scala:46)
	at scala.meta.internal.pc.completions.Completions.completionPositionUnsafe(Completions.scala:500)
	at scala.meta.internal.pc.completions.Completions.completionPositionUnsafe$(Completions.scala:409)
	at scala.meta.internal.pc.MetalsGlobal.completionPositionUnsafe(MetalsGlobal.scala:29)
	at scala.meta.internal.pc.completions.Completions.completionPosition(Completions.scala:401)
	at scala.meta.internal.pc.completions.Completions.completionPosition$(Completions.scala:386)
	at scala.meta.internal.pc.MetalsGlobal.completionPosition(MetalsGlobal.scala:29)
	at scala.meta.internal.pc.CompletionProvider.safeCompletionsAt(CompletionProvider.scala:444)
	at scala.meta.internal.pc.CompletionProvider.completions(CompletionProvider.scala:57)
	at scala.meta.internal.pc.ScalaPresentationCompiler.$anonfun$complete$1(ScalaPresentationCompiler.scala:184)
	at scala.meta.internal.pc.CompilerAccess.withSharedCompiler(CompilerAccess.scala:137)
	at scala.meta.internal.pc.CompilerAccess.$anonfun$withInterruptableCompiler$1(CompilerAccess.scala:87)
	at scala.meta.internal.pc.CompilerAccess.$anonfun$onCompilerJobQueue$1(CompilerAccess.scala:197)
	at scala.meta.internal.pc.CompilerJobQueue$Job.run(CompilerJobQueue.scala:103)
	at java.util.concurrent.ThreadPoolExecutor.runWorker(ThreadPoolExecutor.java:1142)
	at java.util.concurrent.ThreadPoolExecutor$Worker.run(ThreadPoolExecutor.java:617)
	at java.lang.Thread.run(Thread.java:748)

2020.11.01 19:09:35 WARN  no build target for: /Users/jerem/cours_esiee_paris/E5/scala_code/tryingout/src/main/scala/Board.scala
2020.11.01 19:09:40 WARN  no build target for: /Users/jerem/cours_esiee_paris/E5/scala_code/tryingout/src/main/scala/Main.scala
2020.11.01 19:10:03 WARN  no build target for: /Users/jerem/cours_esiee_paris/E5/scala_code/tryingout/src/main/scala/Board.scala
2020.11.01 19:10:56 WARN  no build target for: /Users/jerem/cours_esiee_paris/E5/scala_code/tryingout/src/main/scala/Main.scala
2020.11.01 19:11:11 WARN  no build target for: /Users/jerem/cours_esiee_paris/E5/scala_code/tryingout/src/main/scala/Main.scala
2020.11.01 19:11:27 WARN  no build target for: /Users/jerem/cours_esiee_paris/E5/scala_code/tryingout/src/main/scala/Board.scala
2020.11.01 19:11:40 WARN  no build target for: /Users/jerem/cours_esiee_paris/E5/scala_code/tryingout/src/main/scala/Board.scala
2020.11.01 19:11:54 WARN  no build target for: /Users/jerem/cours_esiee_paris/E5/scala_code/tryingout/src/main/scala/Board.scala
2020.11.01 19:12:39 WARN  no build target for: /Users/jerem/cours_esiee_paris/E5/scala_code/tryingout/src/main/scala/Main.scala
2020.11.01 19:12:57 WARN  no build target for: /Users/jerem/cours_esiee_paris/E5/scala_code/tryingout/src/main/scala/Main.scala
2020.11.01 19:13:16 WARN  no build target for: /Users/jerem/cours_esiee_paris/E5/scala_code/tryingout/src/main/scala/Main.scala
2020.11.01 19:13:24 WARN  no build target for: /Users/jerem/cours_esiee_paris/E5/scala_code/tryingout/src/main/scala/Main.scala
2020.11.01 19:13:33 WARN  no build target for: /Users/jerem/cours_esiee_paris/E5/scala_code/tryingout/src/main/scala/Main.scala
2020.11.01 19:13:38 WARN  no build target for: /Users/jerem/cours_esiee_paris/E5/scala_code/tryingout/src/main/scala/Main.scala
2020.11.01 19:15:01 WARN  no build target for: /Users/jerem/cours_esiee_paris/E5/scala_code/tryingout/src/main/scala/Main.scala
2020.11.01 19:15:36 WARN  no build target for: /Users/jerem/cours_esiee_paris/E5/scala_code/tryingout/src/main/scala/Main.scala
nov. 01, 2020 7:18:39 PM org.eclipse.lsp4j.jsonrpc.services.GenericEndpoint notify
INFOS: Unsupported notification method: $/setTraceNotification
